<?xml version="1.0" encoding="UTF-8"?>
<robot generator="Robot 7.0 (Python 3.11.3 on darwin)" generated="2024-09-29T01:05:45.782518" rpa="false" schemaversion="5">
<suite id="s1" name="googleSearch" source="/Users/nk/Documents/code/GitHub/automateTest/googleSearch.robot">
<test id="s1-t1" name="Google Search Test" line="9">
<kw name="Open Browser" owner="SeleniumLibrary">
<msg time="2024-09-29T01:05:45.868564" level="INFO">Opening browser 'chrome' to base url 'https://www.google.com'.</msg>
<arg>${URL}</arg>
<arg>${Browser}</arg>
<doc>Opens a new browser instance to the optional ``url``.</doc>
<status status="PASS" start="2024-09-29T01:05:45.868312" elapsed="2.733521"/>
</kw>
<kw name="Close All Browsers" owner="SeleniumLibrary" type="TEARDOWN">
<doc>Closes all open browsers and resets the browser cache.</doc>
<status status="PASS" start="2024-09-29T01:05:48.602688" elapsed="0.077128"/>
</kw>
<status status="PASS" start="2024-09-29T01:05:45.867848" elapsed="2.812173"/>
</test>
<doc>Google Search Functionality</doc>
<status status="PASS" start="2024-09-29T01:05:45.784099" elapsed="2.896374"/>
</suite>
<statistics>
<total>
<stat pass="1" fail="0" skip="0">All Tests</stat>
</total>
<tag>
</tag>
<suite>
<stat pass="1" fail="0" skip="0" id="s1" name="googleSearch">googleSearch</stat>
</suite>
</statistics>
<errors>
</errors>
</robot>
