<?xml version="1.0" encoding="UTF-8"?>
<robot generator="Robot 7.1.1 (Python 3.11.3 on darwin)" generated="2024-12-19T01:01:46.786202" rpa="false" schemaversion="5">
<suite id="s1" name="customerManagement" source="/Users/nk/Documents/code/GitHub/automateTest/customerManagementWeb/Tests/customerManagement.robot">
<test id="s1-t1" name="[TS001_TC001]Home page should load" line="17">
<kw name="Start Test" owner="Common" type="SETUP">
<kw name="Open Browser" owner="SeleniumLibrary">
<msg time="2024-12-19T01:01:46.886721" level="INFO">Opening browser 'chrome' to base url 'https://automationplayground.com/crm/'.</msg>
<arg>${URL}</arg>
<arg>@{BROWSER}</arg>
<doc>Opens a new browser instance to the optional ``url``.</doc>
<status status="PASS" start="2024-12-19T01:01:46.886560" elapsed="1.684834"/>
</kw>
<kw name="Set Selenium Timeout" owner="SeleniumLibrary">
<arg>10s</arg>
<doc>Sets the timeout that is used by various keywords.</doc>
<status status="PASS" start="2024-12-19T01:01:48.574887" elapsed="0.005597"/>
</kw>
<status status="PASS" start="2024-12-19T01:01:46.886195" elapsed="1.694479"/>
</kw>
<kw name="Log" owner="BuiltIn">
<msg time="2024-12-19T01:01:48.581395" level="INFO">Start TS001_TC001</msg>
<arg>Start TS001_TC001</arg>
<doc>Logs the given message with the given level.</doc>
<status status="PASS" start="2024-12-19T01:01:48.581092" elapsed="0.000395"/>
</kw>
<kw name="Load Home Page" owner="HomePage">
<kw name="Wait Until Page Contains" owner="SeleniumLibrary">
<arg>${HOME_PAGE_HEADER}</arg>
<doc>Waits until ``text`` appears on the current page.</doc>
<status status="PASS" start="2024-12-19T01:01:48.583510" elapsed="0.213551"/>
</kw>
<status status="PASS" start="2024-12-19T01:01:48.582745" elapsed="0.214404"/>
</kw>
<kw name="End Test" owner="Common" type="TEARDOWN">
<kw name="Close Browser" owner="SeleniumLibrary">
<doc>Closes the current browser.</doc>
<status status="PASS" start="2024-12-19T01:01:48.797533" elapsed="0.074463"/>
</kw>
<status status="PASS" start="2024-12-19T01:01:48.797362" elapsed="0.074723"/>
</kw>
<doc>Validate load home screen</doc>
<tag>Home</tag>
<tag>smoke</tag>
<tag>TS001_TC001</tag>
<status status="PASS" start="2024-12-19T01:01:46.885814" elapsed="1.986348"/>
</test>
<test id="s1-t2" name="[TS001_TC002]Login should succeed with valid credentials" line="23">
<kw name="Start Test" owner="Common" type="SETUP">
<kw name="Open Browser" owner="SeleniumLibrary">
<msg time="2024-12-19T01:01:48.872939" level="INFO">Opening browser 'chrome' to base url 'https://automationplayground.com/crm/'.</msg>
<arg>${URL}</arg>
<arg>@{BROWSER}</arg>
<doc>Opens a new browser instance to the optional ``url``.</doc>
<status status="PASS" start="2024-12-19T01:01:48.872799" elapsed="2.154726"/>
</kw>
<kw name="Set Selenium Timeout" owner="SeleniumLibrary">
<arg>10s</arg>
<doc>Sets the timeout that is used by various keywords.</doc>
<status status="PASS" start="2024-12-19T01:01:51.028494" elapsed="0.001528"/>
</kw>
<status status="PASS" start="2024-12-19T01:01:48.872630" elapsed="2.157527"/>
</kw>
<kw name="Log" owner="BuiltIn">
<msg time="2024-12-19T01:01:51.030621" level="INFO">Start TS001_TC002</msg>
<arg>Start TS001_TC002</arg>
<doc>Logs the given message with the given level.</doc>
<status status="PASS" start="2024-12-19T01:01:51.030464" elapsed="0.000183"/>
</kw>
<kw name="Given LoginPage.Click the sign in link" owner="LoginPage">
<kw name="Click Link" owner="SeleniumLibrary">
<msg time="2024-12-19T01:01:51.031495" level="INFO">Clicking link 'Sign In'.</msg>
<arg>Sign In</arg>
<doc>Clicks a link identified by ``locator``.</doc>
<status status="PASS" start="2024-12-19T01:01:51.031126" elapsed="1.255513"/>
</kw>
<status status="PASS" start="2024-12-19T01:01:51.030888" elapsed="1.255855"/>
</kw>
<kw name="And LoginPage.Check redirection to login page" owner="LoginPage">
<kw name="Wait Until Page Contains" owner="SeleniumLibrary">
<arg>${LOGIN_PAGE_HEADER}</arg>
<doc>Waits until ``text`` appears on the current page.</doc>
<status status="PASS" start="2024-12-19T01:01:52.287237" elapsed="0.010527"/>
</kw>
<status status="PASS" start="2024-12-19T01:01:52.286999" elapsed="0.010859"/>
</kw>
<kw name="And LoginPage.Login to the system with valid credentials" owner="LoginPage">
<kw name="Log" owner="BuiltIn">
<msg time="2024-12-19T01:01:52.298456" level="INFO">login with id=email@gmail.com password=P@ssw0rd</msg>
<arg>login with id=${VALID_EMAIL} password=${VALID_PASSWORD}</arg>
<doc>Logs the given message with the given level.</doc>
<status status="PASS" start="2024-12-19T01:01:52.298290" elapsed="0.000199"/>
</kw>
<kw name="Input Text" owner="SeleniumLibrary">
<msg time="2024-12-19T01:01:52.298712" level="INFO">Typing text 'email@gmail.com' into text field '//*[@id="email-id"]'.</msg>
<arg>${EMAIL_FIELD}</arg>
<arg>${VALID_EMAIL}</arg>
<doc>Types the given ``text`` into the text field identified by ``locator``.</doc>
<status status="PASS" start="2024-12-19T01:01:52.298577" elapsed="0.168909"/>
</kw>
<kw name="Input Password" owner="SeleniumLibrary">
<msg time="2024-12-19T01:01:52.467776" level="INFO">Typing password into text field '//*[@id="password"]'.</msg>
<msg time="2024-12-19T01:01:52.483726" level="INFO">Temporally setting log level to: NONE</msg>
<arg>${PASSWORD_FIELD}</arg>
<arg>${VALID_PASSWORD}</arg>
<doc>Types the given password into the text field identified by ``locator``.</doc>
<status status="PASS" start="2024-12-19T01:01:52.467617" elapsed="0.036771"/>
</kw>
<status status="PASS" start="2024-12-19T01:01:52.298086" elapsed="0.206368"/>
</kw>
<kw name="When LoginPage.Click the login Button" owner="LoginPage">
<kw name="Click Button" owner="SeleniumLibrary">
<msg time="2024-12-19T01:01:52.505091" level="INFO">Clicking button 'id=submit-id'.</msg>
<arg>${LOGIN_BUTTON}</arg>
<doc>Clicks the button identified by ``locator``.</doc>
<status status="PASS" start="2024-12-19T01:01:52.504842" elapsed="0.312557"/>
</kw>
<status status="PASS" start="2024-12-19T01:01:52.504628" elapsed="0.313592"/>
</kw>
<kw name="Then ContactsPage.Contacts page loads" owner="ContactsPage">
<kw name="Wait Until Page Contains" owner="SeleniumLibrary">
<arg>${CUSTOMER_SERVICE_PAGE_HEADER}</arg>
<doc>Waits until ``text`` appears on the current page.</doc>
<status status="PASS" start="2024-12-19T01:01:52.820373" elapsed="0.118729"/>
</kw>
<status status="PASS" start="2024-12-19T01:01:52.819272" elapsed="0.120035"/>
</kw>
<kw name="End Test" owner="Common" type="TEARDOWN">
<kw name="Close Browser" owner="SeleniumLibrary">
<doc>Closes the current browser.</doc>
<status status="PASS" start="2024-12-19T01:01:52.939944" elapsed="0.076478"/>
</kw>
<status status="PASS" start="2024-12-19T01:01:52.939725" elapsed="0.076784"/>
</kw>
<doc>Validate Login with valid credentials</doc>
<tag>login</tag>
<tag>smoke</tag>
<tag>TS001_TC002</tag>
<status status="PASS" start="2024-12-19T01:01:48.872350" elapsed="4.144231"/>
</test>
<test id="s1-t3" name="[TS001_TC003]Login should fail with missing credentials" line="33">
<kw name="Start Test" owner="Common" type="SETUP">
<kw name="Open Browser" owner="SeleniumLibrary">
<msg time="2024-12-19T01:01:53.017465" level="INFO">Opening browser 'chrome' to base url 'https://automationplayground.com/crm/'.</msg>
<arg>${URL}</arg>
<arg>@{BROWSER}</arg>
<doc>Opens a new browser instance to the optional ``url``.</doc>
<status status="PASS" start="2024-12-19T01:01:53.017310" elapsed="1.616388"/>
</kw>
<kw name="Set Selenium Timeout" owner="SeleniumLibrary">
<arg>10s</arg>
<doc>Sets the timeout that is used by various keywords.</doc>
<status status="PASS" start="2024-12-19T01:01:54.639527" elapsed="0.003455"/>
</kw>
<status status="PASS" start="2024-12-19T01:01:53.017131" elapsed="1.626070"/>
</kw>
<kw name="Log" owner="BuiltIn">
<msg time="2024-12-19T01:01:54.643939" level="INFO">Start TS001_TC003</msg>
<arg>Start TS001_TC003</arg>
<doc>Logs the given message with the given level.</doc>
<status status="PASS" start="2024-12-19T01:01:54.643640" elapsed="0.000388"/>
</kw>
<kw name="Given LoginPage.Click the sign in link" owner="LoginPage">
<kw name="Click Link" owner="SeleniumLibrary">
<msg time="2024-12-19T01:01:54.645597" level="INFO">Clicking link 'Sign In'.</msg>
<arg>Sign In</arg>
<doc>Clicks a link identified by ``locator``.</doc>
<status status="PASS" start="2024-12-19T01:01:54.645301" elapsed="1.514996"/>
</kw>
<status status="PASS" start="2024-12-19T01:01:54.644649" elapsed="1.515832"/>
</kw>
<kw name="And Log" owner="BuiltIn">
<msg time="2024-12-19T01:01:56.160981" level="INFO">skipping credentials</msg>
<arg>skipping credentials</arg>
<doc>Logs the given message with the given level.</doc>
<status status="PASS" start="2024-12-19T01:01:56.160836" elapsed="0.000185"/>
</kw>
<kw name="When LoginPage.Click the login Button" owner="LoginPage">
<kw name="Click Button" owner="SeleniumLibrary">
<msg time="2024-12-19T01:01:56.161642" level="INFO">Clicking button 'id=submit-id'.</msg>
<arg>${LOGIN_BUTTON}</arg>
<doc>Clicks the button identified by ``locator``.</doc>
<status status="PASS" start="2024-12-19T01:01:56.161481" elapsed="0.050667"/>
</kw>
<status status="PASS" start="2024-12-19T01:01:56.161246" elapsed="0.050970"/>
</kw>
<kw name="Then LoginPage.Check redirection to login page" owner="LoginPage">
<kw name="Wait Until Page Contains" owner="SeleniumLibrary">
<arg>${LOGIN_PAGE_HEADER}</arg>
<doc>Waits until ``text`` appears on the current page.</doc>
<status status="PASS" start="2024-12-19T01:01:56.212586" elapsed="0.007622"/>
</kw>
<status status="PASS" start="2024-12-19T01:01:56.212410" elapsed="0.008295"/>
</kw>
<kw name="End Test" owner="Common" type="TEARDOWN">
<kw name="Close Browser" owner="SeleniumLibrary">
<doc>Closes the current browser.</doc>
<status status="PASS" start="2024-12-19T01:01:56.221414" elapsed="0.072874"/>
</kw>
<status status="PASS" start="2024-12-19T01:01:56.221245" elapsed="0.073113"/>
</kw>
<doc>Validate Login with missing credentials</doc>
<tag>functional</tag>
<tag>login</tag>
<tag>TS001_TC003</tag>
<status status="PASS" start="2024-12-19T01:01:53.016811" elapsed="3.277601"/>
</test>
<test id="s1-t4" name="[TS001_TC004]Should be able to log out" line="43">
<kw name="Start Test" owner="Common" type="SETUP">
<kw name="Open Browser" owner="SeleniumLibrary">
<msg time="2024-12-19T01:01:56.295123" level="INFO">Opening browser 'chrome' to base url 'https://automationplayground.com/crm/'.</msg>
<arg>${URL}</arg>
<arg>@{BROWSER}</arg>
<doc>Opens a new browser instance to the optional ``url``.</doc>
<status status="PASS" start="2024-12-19T01:01:56.295004" elapsed="1.472734"/>
</kw>
<kw name="Set Selenium Timeout" owner="SeleniumLibrary">
<arg>10s</arg>
<doc>Sets the timeout that is used by various keywords.</doc>
<status status="PASS" start="2024-12-19T01:01:57.768998" elapsed="0.001568"/>
</kw>
<status status="PASS" start="2024-12-19T01:01:56.294858" elapsed="1.475830"/>
</kw>
<kw name="Log" owner="BuiltIn">
<msg time="2024-12-19T01:01:57.771551" level="INFO">Start TS001_TC004</msg>
<arg>Start TS001_TC004</arg>
<doc>Logs the given message with the given level.</doc>
<status status="PASS" start="2024-12-19T01:01:57.771188" elapsed="0.000403"/>
</kw>
<kw name="Given loginPage.Pre-login" owner="LoginPage">
<kw name="Click the sign in link" owner="LoginPage">
<kw name="Click Link" owner="SeleniumLibrary">
<msg time="2024-12-19T01:01:57.773012" level="INFO">Clicking link 'Sign In'.</msg>
<arg>Sign In</arg>
<doc>Clicks a link identified by ``locator``.</doc>
<status status="PASS" start="2024-12-19T01:01:57.772836" elapsed="1.511005"/>
</kw>
<status status="PASS" start="2024-12-19T01:01:57.772674" elapsed="1.511309"/>
</kw>
<kw name="Check redirection to login page" owner="LoginPage">
<kw name="Wait Until Page Contains" owner="SeleniumLibrary">
<arg>${LOGIN_PAGE_HEADER}</arg>
<doc>Waits until ``text`` appears on the current page.</doc>
<status status="PASS" start="2024-12-19T01:01:59.284333" elapsed="0.008081"/>
</kw>
<status status="PASS" start="2024-12-19T01:01:59.284131" elapsed="0.008363"/>
</kw>
<kw name="Login to the system with valid credentials" owner="LoginPage">
<kw name="Log" owner="BuiltIn">
<msg time="2024-12-19T01:01:59.292951" level="INFO">login with id=email@gmail.com password=P@ssw0rd</msg>
<arg>login with id=${VALID_EMAIL} password=${VALID_PASSWORD}</arg>
<doc>Logs the given message with the given level.</doc>
<status status="PASS" start="2024-12-19T01:01:59.292801" elapsed="0.000188"/>
</kw>
<kw name="Input Text" owner="SeleniumLibrary">
<msg time="2024-12-19T01:01:59.293209" level="INFO">Typing text 'email@gmail.com' into text field '//*[@id="email-id"]'.</msg>
<arg>${EMAIL_FIELD}</arg>
<arg>${VALID_EMAIL}</arg>
<doc>Types the given ``text`` into the text field identified by ``locator``.</doc>
<status status="PASS" start="2024-12-19T01:01:59.293069" elapsed="0.105095"/>
</kw>
<kw name="Input Password" owner="SeleniumLibrary">
<msg time="2024-12-19T01:01:59.398496" level="INFO">Typing password into text field '//*[@id="password"]'.</msg>
<msg time="2024-12-19T01:01:59.414566" level="INFO">Temporally setting log level to: NONE</msg>
<arg>${PASSWORD_FIELD}</arg>
<arg>${VALID_PASSWORD}</arg>
<doc>Types the given password into the text field identified by ``locator``.</doc>
<status status="PASS" start="2024-12-19T01:01:59.398302" elapsed="0.039337"/>
</kw>
<status status="PASS" start="2024-12-19T01:01:59.292627" elapsed="0.145092"/>
</kw>
<kw name="Click the login Button" owner="LoginPage">
<kw name="Click Button" owner="SeleniumLibrary">
<msg time="2024-12-19T01:01:59.438047" level="INFO">Clicking button 'id=submit-id'.</msg>
<arg>${LOGIN_BUTTON}</arg>
<doc>Clicks the button identified by ``locator``.</doc>
<status status="PASS" start="2024-12-19T01:01:59.437955" elapsed="0.404743"/>
</kw>
<status status="PASS" start="2024-12-19T01:01:59.437819" elapsed="0.405055"/>
</kw>
<kw name="Contacts page loads" owner="ContactsPage">
<kw name="Wait Until Page Contains" owner="SeleniumLibrary">
<arg>${CUSTOMER_SERVICE_PAGE_HEADER}</arg>
<doc>Waits until ``text`` appears on the current page.</doc>
<status status="PASS" start="2024-12-19T01:01:59.848365" elapsed="0.125588"/>
</kw>
<status status="PASS" start="2024-12-19T01:01:59.847094" elapsed="0.126939"/>
</kw>
<status status="PASS" start="2024-12-19T01:01:57.772253" elapsed="2.201816"/>
</kw>
<kw name="When LogOutPage.Click &quot;Logout&quot; link" owner="LogOutPage">
<kw name="Click Link" owner="SeleniumLibrary">
<msg time="2024-12-19T01:01:59.974637" level="INFO">Clicking link 'Sign Out'.</msg>
<arg>${Sign_Out_BUTTON}</arg>
<doc>Clicks a link identified by ``locator``.</doc>
<status status="PASS" start="2024-12-19T01:01:59.974512" elapsed="0.413776"/>
</kw>
<status status="PASS" start="2024-12-19T01:01:59.974313" elapsed="0.414083"/>
</kw>
<kw name="Then LogOutPage.Check redirection to logout page" owner="LogOutPage">
<kw name="Wait Until Page Contains" owner="SeleniumLibrary">
<arg>${SIGN_OUT_PAGE_HEADER}</arg>
<doc>Waits until ``text`` appears on the current page.</doc>
<status status="PASS" start="2024-12-19T01:02:00.388899" elapsed="0.009323"/>
</kw>
<status status="PASS" start="2024-12-19T01:02:00.388648" elapsed="0.009668"/>
</kw>
<kw name="End Test" owner="Common" type="TEARDOWN">
<kw name="Close Browser" owner="SeleniumLibrary">
<doc>Closes the current browser.</doc>
<status status="PASS" start="2024-12-19T01:02:00.398808" elapsed="0.078606"/>
</kw>
<status status="PASS" start="2024-12-19T01:02:00.398589" elapsed="0.078913"/>
</kw>
<doc>Validate log out function</doc>
<tag>Functional</tag>
<tag>Login</tag>
<tag>TS001_TC004</tag>
<status status="PASS" start="2024-12-19T01:01:56.294609" elapsed="4.182976"/>
</test>
<test id="s1-t5" name="[TS001_TC005]Customers page should display multiple customers" line="51">
<kw name="Start Test" owner="Common" type="SETUP">
<kw name="Open Browser" owner="SeleniumLibrary">
<msg time="2024-12-19T01:02:00.478721" level="INFO">Opening browser 'chrome' to base url 'https://automationplayground.com/crm/'.</msg>
<arg>${URL}</arg>
<arg>@{BROWSER}</arg>
<doc>Opens a new browser instance to the optional ``url``.</doc>
<status status="PASS" start="2024-12-19T01:02:00.478563" elapsed="1.628233"/>
</kw>
<kw name="Set Selenium Timeout" owner="SeleniumLibrary">
<arg>10s</arg>
<doc>Sets the timeout that is used by various keywords.</doc>
<status status="PASS" start="2024-12-19T01:02:02.107373" elapsed="0.001245"/>
</kw>
<status status="PASS" start="2024-12-19T01:02:00.478356" elapsed="1.630647"/>
</kw>
<kw name="Log" owner="BuiltIn">
<msg time="2024-12-19T01:02:02.109330" level="INFO">Start TS001_TC005</msg>
<arg>Start TS001_TC005</arg>
<doc>Logs the given message with the given level.</doc>
<status status="PASS" start="2024-12-19T01:02:02.109220" elapsed="0.000137"/>
</kw>
<kw name="Given LoginPage.Pre-login" owner="LoginPage">
<kw name="Click the sign in link" owner="LoginPage">
<kw name="Click Link" owner="SeleniumLibrary">
<msg time="2024-12-19T01:02:02.110618" level="INFO">Clicking link 'Sign In'.</msg>
<arg>Sign In</arg>
<doc>Clicks a link identified by ``locator``.</doc>
<status status="PASS" start="2024-12-19T01:02:02.110468" elapsed="1.558192"/>
</kw>
<status status="PASS" start="2024-12-19T01:02:02.110302" elapsed="1.558548"/>
</kw>
<kw name="Check redirection to login page" owner="LoginPage">
<kw name="Wait Until Page Contains" owner="SeleniumLibrary">
<arg>${LOGIN_PAGE_HEADER}</arg>
<doc>Waits until ``text`` appears on the current page.</doc>
<status status="PASS" start="2024-12-19T01:02:03.669323" elapsed="0.006714"/>
</kw>
<status status="PASS" start="2024-12-19T01:02:03.669085" elapsed="0.007020"/>
</kw>
<kw name="Login to the system with valid credentials" owner="LoginPage">
<kw name="Log" owner="BuiltIn">
<msg time="2024-12-19T01:02:03.676498" level="INFO">login with id=email@gmail.com password=P@ssw0rd</msg>
<arg>login with id=${VALID_EMAIL} password=${VALID_PASSWORD}</arg>
<doc>Logs the given message with the given level.</doc>
<status status="PASS" start="2024-12-19T01:02:03.676373" elapsed="0.000149"/>
</kw>
<kw name="Input Text" owner="SeleniumLibrary">
<msg time="2024-12-19T01:02:03.676696" level="INFO">Typing text 'email@gmail.com' into text field '//*[@id="email-id"]'.</msg>
<arg>${EMAIL_FIELD}</arg>
<arg>${VALID_EMAIL}</arg>
<doc>Types the given ``text`` into the text field identified by ``locator``.</doc>
<status status="PASS" start="2024-12-19T01:02:03.676587" elapsed="0.099104"/>
</kw>
<kw name="Input Password" owner="SeleniumLibrary">
<msg time="2024-12-19T01:02:03.775974" level="INFO">Typing password into text field '//*[@id="password"]'.</msg>
<msg time="2024-12-19T01:02:03.791598" level="INFO">Temporally setting log level to: NONE</msg>
<arg>${PASSWORD_FIELD}</arg>
<arg>${VALID_PASSWORD}</arg>
<doc>Types the given password into the text field identified by ``locator``.</doc>
<status status="PASS" start="2024-12-19T01:02:03.775826" elapsed="0.035501"/>
</kw>
<status status="PASS" start="2024-12-19T01:02:03.676221" elapsed="0.135169"/>
</kw>
<kw name="Click the login Button" owner="LoginPage">
<kw name="Click Button" owner="SeleniumLibrary">
<msg time="2024-12-19T01:02:03.811717" level="INFO">Clicking button 'id=submit-id'.</msg>
<arg>${LOGIN_BUTTON}</arg>
<doc>Clicks the button identified by ``locator``.</doc>
<status status="PASS" start="2024-12-19T01:02:03.811604" elapsed="0.432891"/>
</kw>
<status status="PASS" start="2024-12-19T01:02:03.811483" elapsed="0.433226"/>
</kw>
<kw name="Contacts page loads" owner="ContactsPage">
<kw name="Wait Until Page Contains" owner="SeleniumLibrary">
<arg>${CUSTOMER_SERVICE_PAGE_HEADER}</arg>
<doc>Waits until ``text`` appears on the current page.</doc>
<status status="PASS" start="2024-12-19T01:02:04.247234" elapsed="0.125432"/>
</kw>
<status status="PASS" start="2024-12-19T01:02:04.245944" elapsed="0.126795"/>
</kw>
<status status="PASS" start="2024-12-19T01:02:02.109526" elapsed="2.263245"/>
</kw>
<kw name="Then ContactsPage.Examine customers grid for multiple records" owner="ContactsPage">
<kw name="Wait Until Element Is Visible" owner="SeleniumLibrary">
<arg>${TABLE_CUSTOMERS}</arg>
<doc>Waits until the element ``locator`` is visible.</doc>
<status status="PASS" start="2024-12-19T01:02:04.373147" elapsed="0.012228"/>
</kw>
<kw name="Get Element Count" owner="SeleniumLibrary">
<msg time="2024-12-19T01:02:04.390750" level="INFO">${ROW_OF_TABLE_CUSTOMERS} = 6</msg>
<var>${ROW_OF_TABLE_CUSTOMERS}</var>
<arg>${ROW_OF_TABLE_CUSTOMERS}</arg>
<doc>Returns the number of elements matching ``locator``.</doc>
<status status="PASS" start="2024-12-19T01:02:04.385503" elapsed="0.005269"/>
</kw>
<kw name="Should Be True" owner="BuiltIn">
<arg>${ROW_OF_TABLE_CUSTOMERS} &gt; 1</arg>
<doc>Fails if the given condition is not true.</doc>
<status status="PASS" start="2024-12-19T01:02:04.390880" elapsed="0.000145"/>
</kw>
<status status="PASS" start="2024-12-19T01:02:04.372969" elapsed="0.018093"/>
</kw>
<kw name="End Test" owner="Common" type="TEARDOWN">
<kw name="Close Browser" owner="SeleniumLibrary">
<doc>Closes the current browser.</doc>
<status status="PASS" start="2024-12-19T01:02:04.391333" elapsed="0.076777"/>
</kw>
<status status="PASS" start="2024-12-19T01:02:04.391208" elapsed="0.076979"/>
</kw>
<doc>Validate Customers page display multiple customers</doc>
<tag>Contacts</tag>
<tag>smoke</tag>
<tag>TS001_TC005</tag>
<status status="PASS" start="2024-12-19T01:02:00.477846" elapsed="3.990400"/>
</test>
<test id="s1-t6" name="[TS001_TC006]Should be able to add new customer" line="58">
<kw name="Start Test" owner="Common" type="SETUP">
<kw name="Open Browser" owner="SeleniumLibrary">
<msg time="2024-12-19T01:02:04.468972" level="INFO">Opening browser 'chrome' to base url 'https://automationplayground.com/crm/'.</msg>
<arg>${URL}</arg>
<arg>@{BROWSER}</arg>
<doc>Opens a new browser instance to the optional ``url``.</doc>
<status status="PASS" start="2024-12-19T01:02:04.468852" elapsed="1.521094"/>
</kw>
<kw name="Set Selenium Timeout" owner="SeleniumLibrary">
<arg>10s</arg>
<doc>Sets the timeout that is used by various keywords.</doc>
<status status="PASS" start="2024-12-19T01:02:05.991123" elapsed="0.003343"/>
</kw>
<status status="PASS" start="2024-12-19T01:02:04.468699" elapsed="1.526566"/>
</kw>
<kw name="Log" owner="BuiltIn">
<msg time="2024-12-19T01:02:05.996269" level="INFO">Start TS001_TC006</msg>
<arg>Start TS001_TC006</arg>
<doc>Logs the given message with the given level.</doc>
<status status="PASS" start="2024-12-19T01:02:05.996047" elapsed="0.000344"/>
</kw>
<kw name="Pre-login" owner="LoginPage">
<kw name="Click the sign in link" owner="LoginPage">
<kw name="Click Link" owner="SeleniumLibrary">
<msg time="2024-12-19T01:02:05.997686" level="INFO">Clicking link 'Sign In'.</msg>
<arg>Sign In</arg>
<doc>Clicks a link identified by ``locator``.</doc>
<status status="PASS" start="2024-12-19T01:02:05.997452" elapsed="1.471532"/>
</kw>
<status status="PASS" start="2024-12-19T01:02:05.997178" elapsed="1.471897"/>
</kw>
<kw name="Check redirection to login page" owner="LoginPage">
<kw name="Wait Until Page Contains" owner="SeleniumLibrary">
<arg>${LOGIN_PAGE_HEADER}</arg>
<doc>Waits until ``text`` appears on the current page.</doc>
<status status="PASS" start="2024-12-19T01:02:07.469421" elapsed="0.008860"/>
</kw>
<status status="PASS" start="2024-12-19T01:02:07.469220" elapsed="0.009137"/>
</kw>
<kw name="Login to the system with valid credentials" owner="LoginPage">
<kw name="Log" owner="BuiltIn">
<msg time="2024-12-19T01:02:07.478807" level="INFO">login with id=email@gmail.com password=P@ssw0rd</msg>
<arg>login with id=${VALID_EMAIL} password=${VALID_PASSWORD}</arg>
<doc>Logs the given message with the given level.</doc>
<status status="PASS" start="2024-12-19T01:02:07.478666" elapsed="0.000171"/>
</kw>
<kw name="Input Text" owner="SeleniumLibrary">
<msg time="2024-12-19T01:02:07.479043" level="INFO">Typing text 'email@gmail.com' into text field '//*[@id="email-id"]'.</msg>
<arg>${EMAIL_FIELD}</arg>
<arg>${VALID_EMAIL}</arg>
<doc>Types the given ``text`` into the text field identified by ``locator``.</doc>
<status status="PASS" start="2024-12-19T01:02:07.478921" elapsed="0.091034"/>
</kw>
<kw name="Input Password" owner="SeleniumLibrary">
<msg time="2024-12-19T01:02:07.570234" level="INFO">Typing password into text field '//*[@id="password"]'.</msg>
<msg time="2024-12-19T01:02:07.585846" level="INFO">Temporally setting log level to: NONE</msg>
<arg>${PASSWORD_FIELD}</arg>
<arg>${VALID_PASSWORD}</arg>
<doc>Types the given password into the text field identified by ``locator``.</doc>
<status status="PASS" start="2024-12-19T01:02:07.570083" elapsed="0.036375"/>
</kw>
<status status="PASS" start="2024-12-19T01:02:07.478488" elapsed="0.128095"/>
</kw>
<kw name="Click the login Button" owner="LoginPage">
<kw name="Click Button" owner="SeleniumLibrary">
<msg time="2024-12-19T01:02:07.606892" level="INFO">Clicking button 'id=submit-id'.</msg>
<arg>${LOGIN_BUTTON}</arg>
<doc>Clicks the button identified by ``locator``.</doc>
<status status="PASS" start="2024-12-19T01:02:07.606800" elapsed="0.311399"/>
</kw>
<status status="PASS" start="2024-12-19T01:02:07.606678" elapsed="0.312020"/>
</kw>
<kw name="Contacts page loads" owner="ContactsPage">
<kw name="Wait Until Page Contains" owner="SeleniumLibrary">
<arg>${CUSTOMER_SERVICE_PAGE_HEADER}</arg>
<doc>Waits until ``text`` appears on the current page.</doc>
<status status="PASS" start="2024-12-19T01:02:07.920630" elapsed="0.120024"/>
</kw>
<status status="PASS" start="2024-12-19T01:02:07.919314" elapsed="0.121415"/>
</kw>
<status status="PASS" start="2024-12-19T01:02:05.996767" elapsed="2.043996"/>
</kw>
<kw name="Given ContactsPage.Click &quot;New Customer&quot; button" owner="ContactsPage">
<kw name="Click Link" owner="SeleniumLibrary">
<msg time="2024-12-19T01:02:08.041225" level="INFO">Clicking link 'id=new-customer'.</msg>
<arg>${NEW_CUSTOMER_BUTTON}</arg>
<doc>Clicks a link identified by ``locator``.</doc>
<status status="PASS" start="2024-12-19T01:02:08.041110" elapsed="0.684797"/>
</kw>
<status status="PASS" start="2024-12-19T01:02:08.040944" elapsed="0.685110"/>
</kw>
<kw name="And AddCustomerPage.Fill the required field" owner="AddCustomerPage">
<kw name="Add customer page loads" owner="AddCustomerPage">
<kw name="Wait Until Page Contains" owner="SeleniumLibrary">
<arg>${ADD_CUSTOMER_PAGE_HEADER}</arg>
<doc>Waits until ``text`` appears on the current page.</doc>
<status status="PASS" start="2024-12-19T01:02:08.727180" elapsed="0.013963"/>
</kw>
<status status="PASS" start="2024-12-19T01:02:08.726899" elapsed="0.014372"/>
</kw>
<kw name="Type customer email" owner="AddCustomerPage">
<kw name="Input Text" owner="SeleniumLibrary">
<msg time="2024-12-19T01:02:08.741966" level="INFO">Typing text 'newEmail@gmail.com' into text field 'id=EmailAddress'.</msg>
<arg>${NEW_EMAIL_FIELD}</arg>
<arg>${NEW_EMAIL}</arg>
<doc>Types the given ``text`` into the text field identified by ``locator``.</doc>
<status status="PASS" start="2024-12-19T01:02:08.741744" elapsed="0.054472"/>
</kw>
<status status="PASS" start="2024-12-19T01:02:08.741464" elapsed="0.054830"/>
</kw>
<kw name="Type customer first name" owner="AddCustomerPage">
<kw name="Input Text" owner="SeleniumLibrary">
<msg time="2024-12-19T01:02:08.796684" level="INFO">Typing text 'firstname' into text field 'id=FirstName'.</msg>
<arg>${FIRST_NAME_FIELD}</arg>
<arg>${FIRST_NAME}</arg>
<doc>Types the given ``text`` into the text field identified by ``locator``.</doc>
<status status="PASS" start="2024-12-19T01:02:08.796565" elapsed="0.038761"/>
</kw>
<status status="PASS" start="2024-12-19T01:02:08.796408" elapsed="0.038988"/>
</kw>
<kw name="Type customer last name" owner="AddCustomerPage">
<kw name="Input Text" owner="SeleniumLibrary">
<msg time="2024-12-19T01:02:08.835756" level="INFO">Typing text 'lastname' into text field 'id=LastName'.</msg>
<arg>${LAST_NAME_FIELD}</arg>
<arg>${LAST_NAME}</arg>
<doc>Types the given ``text`` into the text field identified by ``locator``.</doc>
<status status="PASS" start="2024-12-19T01:02:08.835642" elapsed="0.038884"/>
</kw>
<status status="PASS" start="2024-12-19T01:02:08.835498" elapsed="0.039100"/>
</kw>
<kw name="Type customer city" owner="AddCustomerPage">
<kw name="Input Text" owner="SeleniumLibrary">
<msg time="2024-12-19T01:02:08.875409" level="INFO">Typing text 'City' into text field 'id=City'.</msg>
<arg>${CITY_FIELD}</arg>
<arg>${CITY}</arg>
<doc>Types the given ``text`` into the text field identified by ``locator``.</doc>
<status status="PASS" start="2024-12-19T01:02:08.874999" elapsed="0.036917"/>
</kw>
<status status="PASS" start="2024-12-19T01:02:08.874788" elapsed="0.037200"/>
</kw>
<kw name="Select customer state" owner="AddCustomerPage">
<kw name="Select From List By Value" owner="SeleniumLibrary">
<msg time="2024-12-19T01:02:08.912385" level="INFO">Selecting options from selection list 'id=StateOrRegion' by value HI.</msg>
<arg>${STATE_LIST}</arg>
<arg>HI</arg>
<doc>Selects options from selection list ``locator`` by ``values``.</doc>
<status status="PASS" start="2024-12-19T01:02:08.912240" elapsed="0.054670"/>
</kw>
<status status="PASS" start="2024-12-19T01:02:08.912098" elapsed="0.054884"/>
</kw>
<kw name="Select gender" owner="AddCustomerPage">
<kw name="Select Radio Button" owner="SeleniumLibrary">
<msg time="2024-12-19T01:02:08.967425" level="INFO">Selecting 'male' from radio button 'gender'.</msg>
<arg>${GENDER_RADIO}</arg>
<arg>male</arg>
<doc>Sets the radio button group ``group_name`` to ``value``.</doc>
<status status="PASS" start="2024-12-19T01:02:08.967317" elapsed="0.036040"/>
</kw>
<status status="PASS" start="2024-12-19T01:02:08.967088" elapsed="0.036383"/>
</kw>
<kw name="Optionally check promotion checkbox" owner="AddCustomerPage">
<kw name="Select Checkbox" owner="SeleniumLibrary">
<msg time="2024-12-19T01:02:09.003846" level="INFO">Selecting checkbox 'name=promos-name'.</msg>
<arg>${OPTIONAL_CHECKBOX}</arg>
<doc>Selects the checkbox identified by ``locator``.</doc>
<status status="PASS" start="2024-12-19T01:02:09.003742" elapsed="0.035008"/>
</kw>
<status status="PASS" start="2024-12-19T01:02:09.003590" elapsed="0.035225"/>
</kw>
<status status="PASS" start="2024-12-19T01:02:08.726543" elapsed="0.312299"/>
</kw>
<kw name="When AddCustomerPage.Click &quot;Submit&quot; button" owner="AddCustomerPage">
<kw name="Click Button" owner="SeleniumLibrary">
<msg time="2024-12-19T01:02:09.039272" level="INFO">Clicking button '//*[@id="loginform"]/div/div/div/div/form/button'.</msg>
<arg>${SUBMIT_BUTTON}</arg>
<doc>Clicks the button identified by ``locator``.</doc>
<status status="PASS" start="2024-12-19T01:02:09.039174" elapsed="0.366583"/>
</kw>
<status status="PASS" start="2024-12-19T01:02:09.039000" elapsed="0.366851"/>
</kw>
<kw name="Then AddCustomerSuccessPage.Add customer success page loads" owner="AddCustomerSuccessPage">
<kw name="Wait Until Page Contains" owner="SeleniumLibrary">
<arg>${ADD_CUSTOMER_SUCCESS_PAGE_HEADER}</arg>
<doc>Waits until ``text`` appears on the current page.</doc>
<status status="PASS" start="2024-12-19T01:02:09.406319" elapsed="0.008712"/>
</kw>
<status status="PASS" start="2024-12-19T01:02:09.406088" elapsed="0.009025"/>
</kw>
<kw name="End Test" owner="Common" type="TEARDOWN">
<kw name="Close Browser" owner="SeleniumLibrary">
<doc>Closes the current browser.</doc>
<status status="PASS" start="2024-12-19T01:02:09.415551" elapsed="0.082568"/>
</kw>
<status status="PASS" start="2024-12-19T01:02:09.415355" elapsed="0.082852"/>
</kw>
<doc>Validate add new customer</doc>
<tag>Contacts</tag>
<tag>smoke</tag>
<tag>TS001_TC006</tag>
<status status="PASS" start="2024-12-19T01:02:04.468431" elapsed="5.029847"/>
</test>
<test id="s1-t7" name="[TS001_TC007]Should be able to cancel adding new customer" line="70">
<kw name="Start Test" owner="Common" type="SETUP">
<kw name="Open Browser" owner="SeleniumLibrary">
<msg time="2024-12-19T01:02:09.499093" level="INFO">Opening browser 'chrome' to base url 'https://automationplayground.com/crm/'.</msg>
<arg>${URL}</arg>
<arg>@{BROWSER}</arg>
<doc>Opens a new browser instance to the optional ``url``.</doc>
<status status="PASS" start="2024-12-19T01:02:09.498961" elapsed="1.881955"/>
</kw>
<kw name="Set Selenium Timeout" owner="SeleniumLibrary">
<arg>10s</arg>
<doc>Sets the timeout that is used by various keywords.</doc>
<status status="PASS" start="2024-12-19T01:02:11.382696" elapsed="0.002252"/>
</kw>
<status status="PASS" start="2024-12-19T01:02:09.498796" elapsed="1.886300"/>
</kw>
<kw name="Log" owner="BuiltIn">
<msg time="2024-12-19T01:02:11.385606" level="INFO">Start TS001_TC007</msg>
<arg>Start TS001_TC007</arg>
<doc>Logs the given message with the given level.</doc>
<status status="PASS" start="2024-12-19T01:02:11.385386" elapsed="0.000498"/>
</kw>
<kw name="Pre-login" owner="LoginPage">
<kw name="Click the sign in link" owner="LoginPage">
<kw name="Click Link" owner="SeleniumLibrary">
<msg time="2024-12-19T01:02:11.386941" level="INFO">Clicking link 'Sign In'.</msg>
<arg>Sign In</arg>
<doc>Clicks a link identified by ``locator``.</doc>
<status status="PASS" start="2024-12-19T01:02:11.386615" elapsed="1.308659"/>
</kw>
<status status="PASS" start="2024-12-19T01:02:11.386482" elapsed="1.308927"/>
</kw>
<kw name="Check redirection to login page" owner="LoginPage">
<kw name="Wait Until Page Contains" owner="SeleniumLibrary">
<arg>${LOGIN_PAGE_HEADER}</arg>
<doc>Waits until ``text`` appears on the current page.</doc>
<status status="PASS" start="2024-12-19T01:02:12.695928" elapsed="0.007482"/>
</kw>
<status status="PASS" start="2024-12-19T01:02:12.695668" elapsed="0.007816"/>
</kw>
<kw name="Login to the system with valid credentials" owner="LoginPage">
<kw name="Log" owner="BuiltIn">
<msg time="2024-12-19T01:02:12.703915" level="INFO">login with id=email@gmail.com password=P@ssw0rd</msg>
<arg>login with id=${VALID_EMAIL} password=${VALID_PASSWORD}</arg>
<doc>Logs the given message with the given level.</doc>
<status status="PASS" start="2024-12-19T01:02:12.703788" elapsed="0.000153"/>
</kw>
<kw name="Input Text" owner="SeleniumLibrary">
<msg time="2024-12-19T01:02:12.704120" level="INFO">Typing text 'email@gmail.com' into text field '//*[@id="email-id"]'.</msg>
<arg>${EMAIL_FIELD}</arg>
<arg>${VALID_EMAIL}</arg>
<doc>Types the given ``text`` into the text field identified by ``locator``.</doc>
<status status="PASS" start="2024-12-19T01:02:12.704007" elapsed="0.096212"/>
</kw>
<kw name="Input Password" owner="SeleniumLibrary">
<msg time="2024-12-19T01:02:12.800492" level="INFO">Typing password into text field '//*[@id="password"]'.</msg>
<msg time="2024-12-19T01:02:12.815440" level="INFO">Temporally setting log level to: NONE</msg>
<arg>${PASSWORD_FIELD}</arg>
<arg>${VALID_PASSWORD}</arg>
<doc>Types the given password into the text field identified by ``locator``.</doc>
<status status="PASS" start="2024-12-19T01:02:12.800346" elapsed="0.034854"/>
</kw>
<status status="PASS" start="2024-12-19T01:02:12.703614" elapsed="0.131650"/>
</kw>
<kw name="Click the login Button" owner="LoginPage">
<kw name="Click Button" owner="SeleniumLibrary">
<msg time="2024-12-19T01:02:12.835583" level="INFO">Clicking button 'id=submit-id'.</msg>
<arg>${LOGIN_BUTTON}</arg>
<doc>Clicks the button identified by ``locator``.</doc>
<status status="PASS" start="2024-12-19T01:02:12.835497" elapsed="0.421251"/>
</kw>
<status status="PASS" start="2024-12-19T01:02:12.835372" elapsed="0.422011"/>
</kw>
<kw name="Contacts page loads" owner="ContactsPage">
<kw name="Wait Until Page Contains" owner="SeleniumLibrary">
<arg>${CUSTOMER_SERVICE_PAGE_HEADER}</arg>
<doc>Waits until ``text`` appears on the current page.</doc>
<status status="PASS" start="2024-12-19T01:02:13.261503" elapsed="0.120694"/>
</kw>
<status status="PASS" start="2024-12-19T01:02:13.258514" elapsed="0.123769"/>
</kw>
<status status="PASS" start="2024-12-19T01:02:11.386206" elapsed="1.996109"/>
</kw>
<kw name="Given ContactsPage.Click &quot;New Customer&quot; button" owner="ContactsPage">
<kw name="Click Link" owner="SeleniumLibrary">
<msg time="2024-12-19T01:02:13.382777" level="INFO">Clicking link 'id=new-customer'.</msg>
<arg>${NEW_CUSTOMER_BUTTON}</arg>
<doc>Clicks a link identified by ``locator``.</doc>
<status status="PASS" start="2024-12-19T01:02:13.382673" elapsed="0.652944"/>
</kw>
<status status="PASS" start="2024-12-19T01:02:13.382519" elapsed="0.653182"/>
</kw>
<kw name="And AddCustomerPage.Fill the required field" owner="AddCustomerPage">
<kw name="Add customer page loads" owner="AddCustomerPage">
<kw name="Wait Until Page Contains" owner="SeleniumLibrary">
<arg>${ADD_CUSTOMER_PAGE_HEADER}</arg>
<doc>Waits until ``text`` appears on the current page.</doc>
<status status="PASS" start="2024-12-19T01:02:14.036341" elapsed="0.007548"/>
</kw>
<status status="PASS" start="2024-12-19T01:02:14.036196" elapsed="0.007770"/>
</kw>
<kw name="Type customer email" owner="AddCustomerPage">
<kw name="Input Text" owner="SeleniumLibrary">
<msg time="2024-12-19T01:02:14.044399" level="INFO">Typing text 'newEmail@gmail.com' into text field 'id=EmailAddress'.</msg>
<arg>${NEW_EMAIL_FIELD}</arg>
<arg>${NEW_EMAIL}</arg>
<doc>Types the given ``text`` into the text field identified by ``locator``.</doc>
<status status="PASS" start="2024-12-19T01:02:14.044256" elapsed="0.038052"/>
</kw>
<status status="PASS" start="2024-12-19T01:02:14.044085" elapsed="0.038290"/>
</kw>
<kw name="Type customer first name" owner="AddCustomerPage">
<kw name="Input Text" owner="SeleniumLibrary">
<msg time="2024-12-19T01:02:14.082719" level="INFO">Typing text 'firstname' into text field 'id=FirstName'.</msg>
<arg>${FIRST_NAME_FIELD}</arg>
<arg>${FIRST_NAME}</arg>
<doc>Types the given ``text`` into the text field identified by ``locator``.</doc>
<status status="PASS" start="2024-12-19T01:02:14.082608" elapsed="0.035146"/>
</kw>
<status status="PASS" start="2024-12-19T01:02:14.082474" elapsed="0.035348"/>
</kw>
<kw name="Type customer last name" owner="AddCustomerPage">
<kw name="Input Text" owner="SeleniumLibrary">
<msg time="2024-12-19T01:02:14.118182" level="INFO">Typing text 'lastname' into text field 'id=LastName'.</msg>
<arg>${LAST_NAME_FIELD}</arg>
<arg>${LAST_NAME}</arg>
<doc>Types the given ``text`` into the text field identified by ``locator``.</doc>
<status status="PASS" start="2024-12-19T01:02:14.118062" elapsed="0.034537"/>
</kw>
<status status="PASS" start="2024-12-19T01:02:14.117922" elapsed="0.034746"/>
</kw>
<kw name="Type customer city" owner="AddCustomerPage">
<kw name="Input Text" owner="SeleniumLibrary">
<msg time="2024-12-19T01:02:14.153166" level="INFO">Typing text 'City' into text field 'id=City'.</msg>
<arg>${CITY_FIELD}</arg>
<arg>${CITY}</arg>
<doc>Types the given ``text`` into the text field identified by ``locator``.</doc>
<status status="PASS" start="2024-12-19T01:02:14.152989" elapsed="0.045023"/>
</kw>
<status status="PASS" start="2024-12-19T01:02:14.152769" elapsed="0.045332"/>
</kw>
<kw name="Select customer state" owner="AddCustomerPage">
<kw name="Select From List By Value" owner="SeleniumLibrary">
<msg time="2024-12-19T01:02:14.198476" level="INFO">Selecting options from selection list 'id=StateOrRegion' by value HI.</msg>
<arg>${STATE_LIST}</arg>
<arg>HI</arg>
<doc>Selects options from selection list ``locator`` by ``values``.</doc>
<status status="PASS" start="2024-12-19T01:02:14.198361" elapsed="0.048903"/>
</kw>
<status status="PASS" start="2024-12-19T01:02:14.198212" elapsed="0.049124"/>
</kw>
<kw name="Select gender" owner="AddCustomerPage">
<kw name="Select Radio Button" owner="SeleniumLibrary">
<msg time="2024-12-19T01:02:14.247687" level="INFO">Selecting 'male' from radio button 'gender'.</msg>
<arg>${GENDER_RADIO}</arg>
<arg>male</arg>
<doc>Sets the radio button group ``group_name`` to ``value``.</doc>
<status status="PASS" start="2024-12-19T01:02:14.247597" elapsed="0.042868"/>
</kw>
<status status="PASS" start="2024-12-19T01:02:14.247447" elapsed="0.043095"/>
</kw>
<kw name="Optionally check promotion checkbox" owner="AddCustomerPage">
<kw name="Select Checkbox" owner="SeleniumLibrary">
<msg time="2024-12-19T01:02:14.290894" level="INFO">Selecting checkbox 'name=promos-name'.</msg>
<arg>${OPTIONAL_CHECKBOX}</arg>
<doc>Selects the checkbox identified by ``locator``.</doc>
<status status="PASS" start="2024-12-19T01:02:14.290795" elapsed="0.037789"/>
</kw>
<status status="PASS" start="2024-12-19T01:02:14.290649" elapsed="0.038001"/>
</kw>
<status status="PASS" start="2024-12-19T01:02:14.035984" elapsed="0.292694"/>
</kw>
<kw name="When AddCustomerPage.Click &quot;Cancle&quot; button" owner="AddCustomerPage">
<kw name="Click Link" owner="SeleniumLibrary">
<msg time="2024-12-19T01:02:14.329076" level="INFO">Clicking link '//*[@id="loginform"]/div/div/div/div/form/a'.</msg>
<arg>${CANCLE_BUTTON}</arg>
<doc>Clicks a link identified by ``locator``.</doc>
<status status="PASS" start="2024-12-19T01:02:14.328981" elapsed="0.398556"/>
</kw>
<status status="PASS" start="2024-12-19T01:02:14.328835" elapsed="0.398887"/>
</kw>
<kw name="Then ContactsPage.Contacts page loads" owner="ContactsPage">
<kw name="Wait Until Page Contains" owner="SeleniumLibrary">
<arg>${CUSTOMER_SERVICE_PAGE_HEADER}</arg>
<doc>Waits until ``text`` appears on the current page.</doc>
<status status="PASS" start="2024-12-19T01:02:14.728322" elapsed="0.006157"/>
</kw>
<status status="PASS" start="2024-12-19T01:02:14.728047" elapsed="0.006610"/>
</kw>
<kw name="End Test" owner="Common" type="TEARDOWN">
<kw name="Close Browser" owner="SeleniumLibrary">
<doc>Closes the current browser.</doc>
<status status="PASS" start="2024-12-19T01:02:14.735133" elapsed="0.081196"/>
</kw>
<status status="PASS" start="2024-12-19T01:02:14.734933" elapsed="0.081485"/>
</kw>
<doc>Validate cancel adding new customer</doc>
<tag>Contacts</tag>
<tag>Functional</tag>
<tag>TS001_TC007</tag>
<status status="PASS" start="2024-12-19T01:02:09.498493" elapsed="5.317998"/>
</test>
<status status="PASS" start="2024-12-19T01:01:46.786729" elapsed="28.030104"/>
</suite>
<statistics>
<total>
<stat pass="7" fail="0" skip="0">All Tests</stat>
</total>
<tag>
<stat pass="3" fail="0" skip="0">Contacts</stat>
<stat pass="3" fail="0" skip="0">functional</stat>
<stat pass="1" fail="0" skip="0">Home</stat>
<stat pass="3" fail="0" skip="0">login</stat>
<stat pass="4" fail="0" skip="0">smoke</stat>
<stat pass="1" fail="0" skip="0">TS001_TC001</stat>
<stat pass="1" fail="0" skip="0">TS001_TC002</stat>
<stat pass="1" fail="0" skip="0">TS001_TC003</stat>
<stat pass="1" fail="0" skip="0">TS001_TC004</stat>
<stat pass="1" fail="0" skip="0">TS001_TC005</stat>
<stat pass="1" fail="0" skip="0">TS001_TC006</stat>
<stat pass="1" fail="0" skip="0">TS001_TC007</stat>
</tag>
<suite>
<stat pass="7" fail="0" skip="0" id="s1" name="customerManagement">customerManagement</stat>
</suite>
</statistics>
<errors>
</errors>
</robot>
