<?xml version="1.0" encoding="UTF-8"?>
<robot generator="Robot 7.0 (Python 3.11.5 on darwin)" generated="2024-12-12T19:04:27.994674" rpa="false" schemaversion="5">
<suite id="s1" name="Crm" source="/Users/nk/Documents/code/GitHub/automateTest/crm/Tests/Crm.robot">
<test id="s1-t1" name="Home page should load" line="7">
<kw name="Log" owner="BuiltIn">
<msg time="2024-12-12T19:04:28.005167" level="INFO">Start TS001_TC001</msg>
<arg>Start TS001_TC001</arg>
<doc>Logs the given message with the given level.</doc>
<status status="PASS" start="2024-12-12T19:04:28.005107" elapsed="0.000088"/>
</kw>
<kw name="Open Browser">
<msg time="2024-12-12T19:04:28.005583" level="FAIL">No keyword with name 'Open Browser' found.</msg>
<arg>https://automationplayground.com/crm/</arg>
<arg>chrome</arg>
<status status="FAIL" start="2024-12-12T19:04:28.005568" elapsed="0.000034">No keyword with name 'Open Browser' found.</status>
</kw>
<kw name="Close Browser">
<status status="NOT RUN" start="2024-12-12T19:04:28.005951" elapsed="0.000008"/>
</kw>
<doc>Validate load home screen</doc>
<tag>Home</tag>
<tag>TS001_TC001</tag>
<status status="FAIL" start="2024-12-12T19:04:28.004860" elapsed="0.001171">No keyword with name 'Open Browser' found.</status>
</test>
<status status="FAIL" start="2024-12-12T19:04:27.995160" elapsed="0.011024"/>
</suite>
<statistics>
<total>
<stat pass="0" fail="1" skip="0">All Tests</stat>
</total>
<tag>
<stat pass="0" fail="1" skip="0">Home</stat>
<stat pass="0" fail="1" skip="0">TS001_TC001</stat>
</tag>
<suite>
<stat pass="0" fail="1" skip="0" id="s1" name="Crm">Crm</stat>
</suite>
</statistics>
<errors>
<msg time="2024-12-12T19:04:28.004660" level="ERROR">Error in file '/Users/nk/Documents/code/GitHub/automateTest/crm/Tests/Crm.robot' on line 2: Importing library 'SeleniumLibrary' failed: ModuleNotFoundError: No module named 'SeleniumLibrary'
Traceback (most recent call last):
  None
PYTHONPATH:
  /Users/nk/anaconda3/bin
  /Users/nk/anaconda3/lib/python311.zip
  /Users/nk/anaconda3/lib/python3.11
  /Users/nk/anaconda3/lib/python3.11/lib-dynload
  /Users/nk/anaconda3/lib/python3.11/site-packages
  /Users/nk/anaconda3/lib/python3.11/site-packages/aeosa</msg>
</errors>
</robot>
